0 info it worked if it ends with ok
1 verbose cli [ 'C:\\Program Files\\nodejs\\node.exe',
1 verbose cli   'D:\\Users\\jsier\\Desktop\\New folder (2)\\estudiar-cookies-y-sessions-en-expressjs-airam-jorge-kevin\\node_modules\\npm\\bin\\npm-cli.js',
1 verbose cli   'run',
1 verbose cli   'build' ]
2 info using npm@3.7.5
3 info using node@v7.7.2
4 verbose run-script [ 'prebuild', 'build', 'postbuild' ]
5 info lifecycle ejemplos@1.0.0~prebuild: ejemplos@1.0.0
6 silly lifecycle ejemplos@1.0.0~prebuild: no script for prebuild, continuing
7 info lifecycle ejemplos@1.0.0~build: ejemplos@1.0.0
8 verbose lifecycle ejemplos@1.0.0~build: unsafe-perm in lifecycle true
9 verbose lifecycle ejemplos@1.0.0~build: PATH: D:\Users\jsier\Desktop\New folder (2)\estudiar-cookies-y-sessions-en-expressjs-airam-jorge-kevin\node_modules\npm\bin\node-gyp-bin;D:\Users\jsier\Desktop\New folder (2)\estudiar-cookies-y-sessions-en-expressjs-airam-jorge-kevin\node_modules\.bin;C:\Program Files\nodejs;D:\Users\jsier\Desktop\New folder (2)\estudiar-cookies-y-sessions-en-expressjs-airam-jorge-kevin\node_modules\.bin;C:\ProgramData\Oracle\Java\javapath;C:\Windows\system32;C:\Windows;C:\Windows\System32\Wbem;C:\Windows\System32\WindowsPowerShell\v1.0\;C:\Program Files (x86)\NVIDIA Corporation\PhysX\Common;C:\Program Files (x86)\Skype\Phone\;C:\Program Files\Git\cmd;C:\Program Files\Git\mingw64\bin;C:\Program Files\Git\usr\bin;C:\Program Files\nodejs\;C:\Program Files (x86)\Windows Kits\10\Windows Performance Toolkit\;C:\Users\jsier\AppData\Local\Microsoft\WindowsApps;C:\Users\jsier\AppData\Local\atom\bin;C:\Users\jsier\AppData\Roaming\npm
10 verbose lifecycle ejemplos@1.0.0~build: CWD: D:\Users\jsier\Desktop\New folder (2)\estudiar-cookies-y-sessions-en-expressjs-airam-jorge-kevin
11 silly lifecycle ejemplos@1.0.0~build: Args: [ '/d /s /c',
11 silly lifecycle   'npm run update-gitbook && npm run generate-gitbook' ]
12 silly lifecycle ejemplos@1.0.0~build: Returned: code: 1  signal: null
13 info lifecycle ejemplos@1.0.0~build: Failed to exec build script
14 verbose stack Error: ejemplos@1.0.0 build: `npm run update-gitbook && npm run generate-gitbook`
14 verbose stack Exit status 1
14 verbose stack     at EventEmitter.<anonymous> (D:\Users\jsier\Desktop\New folder (2)\estudiar-cookies-y-sessions-en-expressjs-airam-jorge-kevin\node_modules\npm\lib\utils\lifecycle.js:239:16)
14 verbose stack     at emitTwo (events.js:106:13)
14 verbose stack     at EventEmitter.emit (events.js:194:7)
14 verbose stack     at ChildProcess.<anonymous> (D:\Users\jsier\Desktop\New folder (2)\estudiar-cookies-y-sessions-en-expressjs-airam-jorge-kevin\node_modules\npm\lib\utils\spawn.js:24:14)
14 verbose stack     at emitTwo (events.js:106:13)
14 verbose stack     at ChildProcess.emit (events.js:194:7)
14 verbose stack     at maybeClose (internal/child_process.js:899:16)
14 verbose stack     at Process.ChildProcess._handle.onexit (internal/child_process.js:226:5)
15 verbose pkgid ejemplos@1.0.0
16 verbose cwd D:\Users\jsier\Desktop\New folder (2)\estudiar-cookies-y-sessions-en-expressjs-airam-jorge-kevin
17 error Windows_NT 10.0.14393
18 error argv "C:\\Program Files\\nodejs\\node.exe" "D:\\Users\\jsier\\Desktop\\New folder (2)\\estudiar-cookies-y-sessions-en-expressjs-airam-jorge-kevin\\node_modules\\npm\\bin\\npm-cli.js" "run" "build"
19 error node v7.7.2
20 error npm  v3.7.5
21 error code ELIFECYCLE
22 error ejemplos@1.0.0 build: `npm run update-gitbook && npm run generate-gitbook`
22 error Exit status 1
23 error Failed at the ejemplos@1.0.0 build script 'npm run update-gitbook && npm run generate-gitbook'.
23 error Make sure you have the latest version of node.js and npm installed.
23 error If you do, this is most likely a problem with the ejemplos package,
23 error not with npm itself.
23 error Tell the author that this fails on your system:
23 error     npm run update-gitbook && npm run generate-gitbook
23 error You can get information on how to open an issue for this project with:
23 error     npm bugs ejemplos
23 error Or if that isn't available, you can get their info via:
23 error     npm owner ls ejemplos
23 error There is likely additional logging output above.
24 verbose exit [ 1, true ]
